2022-06-19 17:07:26 INFO  Log:11 - =====================================verfiyLogin TEST START=========================================
2022-06-19 17:09:10 INFO  Log:11 - =====================================verfiyLogin TEST START=========================================
2022-06-19 17:14:35 INFO  Log:11 - =====================================verfiyLogin TEST START=========================================
2022-06-19 17:14:35 INFO  Log:22 - User going to enter Username, Password and click on the Login button
2022-06-19 17:14:39 INFO  Log:22 - Verifying if user is able to Login
2022-06-19 17:14:39 INFO  Log:22 - Login is Sucess
2022-06-19 17:14:39 INFO  Log:15 - =====================================verifyLogin TEST END=========================================
2022-06-19 19:05:53 INFO  Log:11 - =====================================verfiyLogin TEST START=========================================
2022-06-19 19:05:54 INFO  Log:22 - User going to enter Username, Password and click on the Login button
2022-06-19 19:05:58 INFO  Log:22 - Verifying if user is able to Login
2022-06-19 19:05:58 INFO  Log:22 - Login is Sucess
2022-06-19 19:05:58 INFO  Log:15 - =====================================verifyLogin TEST END=========================================
2022-06-19 19:12:32 INFO  Log:11 - =====================================verfiyLogin TEST START=========================================
2022-06-19 19:12:35 INFO  Log:22 - User going to enter Username, Password and click on the Login button
2022-06-19 19:12:39 INFO  Log:22 - Verifying if user is able to Login
2022-06-19 19:12:39 INFO  Log:22 - Login is Sucess
2022-06-19 19:12:39 INFO  Log:15 - =====================================verifyLogin TEST END=========================================
2022-06-19 20:00:39 INFO  Log:11 - =====================================verfiyLogin TEST START=========================================
2022-06-19 20:00:40 INFO  Log:22 - User going to enter Username, Password and click on the Login button
2022-06-19 20:00:44 INFO  Log:22 - Verifying if user is able to Login
2022-06-19 20:00:44 INFO  Log:22 - Login is Sucess
2022-06-19 20:00:44 INFO  Log:15 - =====================================verifyLogin TEST END=========================================
2022-06-20 07:16:28 INFO  Log:11 - =====================================verfiyLogo TEST START=========================================
2022-06-20 07:16:28 INFO  Log:22 - Logo Verified
2022-06-20 07:16:28 INFO  Log:15 - =====================================verifyLogo TEST END=========================================
2022-06-22 05:09:31 INFO  Log:11 - =====================================verfiyLogo TEST START=========================================
2022-06-22 05:09:31 INFO  Log:22 - Logo Verified
2022-06-22 05:09:31 INFO  Log:15 - =====================================verifyLogo TEST END=========================================
2022-06-22 05:10:44 INFO  Log:11 - =====================================verfiyLogin TEST START=========================================
2022-06-22 05:10:45 INFO  Log:22 - User going to enter Username, Password and click on the Login button
2022-06-22 05:10:49 INFO  Log:22 - Verifying if user is able to Login
2022-06-22 05:10:49 INFO  Log:22 - Login is Sucess
2022-06-22 05:10:49 INFO  Log:15 - =====================================verifyLogin TEST END=========================================
2022-06-22 05:14:28 INFO  Log:11 - =====================================verfiyLogo TEST START=========================================
2022-06-22 05:14:28 INFO  Log:22 - Logo Verified
2022-06-22 05:14:28 INFO  Log:15 - =====================================verifyLogo TEST END=========================================
2022-06-22 05:15:55 INFO  Log:11 - =====================================verfiyLogin TEST START=========================================
2022-06-22 05:15:56 INFO  Log:22 - User going to enter Username, Password and click on the Login button
2022-06-22 05:16:00 INFO  Log:22 - Verifying if user is able to Login
2022-06-22 05:16:00 INFO  Log:22 - Login is Sucess
2022-06-22 05:16:00 INFO  Log:15 - =====================================verifyLogin TEST END=========================================
